<?xml version="1.0" encoding="UTF-8"?>
<!-- Generated by org.testng.reporters.JUnitXMLReporter -->
<testsuite ignored="0" hostname="lenovoideapadgaming" failures="0" tests="14" name="Default test" time="152.779" errors="0" timestamp="2025-08-27T16:17:52 EET">
  <testcase classname="SmartBuyAutomation.TestCases" name="homePageAccessability" time="15.988"/>
  <testcase classname="SmartBuyAutomation.TestCases" name="ProductCategoryNavigation" time="10.601"/>
  <testcase classname="SmartBuyAutomation.TestCases" name="accessPromotionsPage" time="21.889"/>
  <testcase classname="SmartBuyAutomation.TestCases" name="ProductSearchFunctionality" time="4.401"/>
  <testcase classname="SmartBuyAutomation.TestCases" name="languageSelection" time="4.791"/>
  <testcase classname="SmartBuyAutomation.TestCases" name="testSignup" time="20.108"/>
  <testcase classname="SmartBuyAutomation.TestCases" name="loginPage" time="8.715"/>
  <testcase classname="SmartBuyAutomation.TestCases" name="addRandomProductToCart" time="21.975"/>
  <testcase classname="SmartBuyAutomation.TestCases" name="UpdateToCart" time="3.013"/>
  <testcase classname="SmartBuyAutomation.TestCases" name="removeFromCart" time="5.04"/>
  <testcase classname="SmartBuyAutomation.TestCases" name="ShowCartPage" time="8.84"/>
  <testcase classname="SmartBuyAutomation.TestCases" name="CheckOut" time="12.439"/>
  <testcase classname="SmartBuyAutomation.TestCases" name="productDetailAccuracy" time="6.798"/>
  <testcase classname="SmartBuyAutomation.TestCases" name="responsiveDesignOnMobileDevices" time="4.105"/>
</testsuite> <!-- Default test -->
