<?xml version="1.0" encoding="UTF-8"?>
<!-- Generated by org.testng.reporters.JUnitXMLReporter -->
<testsuite ignored="0" hostname="lenovoideapadgaming" failures="0" tests="14" name="Default test" time="175.274" errors="0" timestamp="2025-08-17T22:29:44 EET">
  <testcase classname="SmartBuyAutomation.TestCases" name="homePageAccessability" time="14.349"/>
  <testcase classname="SmartBuyAutomation.TestCases" name="ProductCategoryNavigation" time="23.988"/>
  <testcase classname="SmartBuyAutomation.TestCases" name="ProductSearchFunctionality" time="5.253"/>
  <testcase classname="SmartBuyAutomation.TestCases" name="languageSelection" time="12.904"/>
  <testcase classname="SmartBuyAutomation.TestCases" name="testSignup" time="11.833"/>
  <testcase classname="SmartBuyAutomation.TestCases" name="LoginPage" time="12.898"/>
  <testcase classname="SmartBuyAutomation.TestCases" name="addRandomProductToCart" time="18.891"/>
  <testcase classname="SmartBuyAutomation.TestCases" name="UpdateToCart" time="2.487"/>
  <testcase classname="SmartBuyAutomation.TestCases" name="removeFromCart" time="4.474"/>
  <testcase classname="SmartBuyAutomation.TestCases" name="ShowCartPage" time="7.291"/>
  <testcase classname="SmartBuyAutomation.TestCases" name="CheckOut" time="16.791"/>
  <testcase classname="SmartBuyAutomation.TestCases" name="productDetailAccuracy" time="7.583"/>
  <testcase classname="SmartBuyAutomation.TestCases" name="accessPromotionsPage" time="23.459"/>
  <testcase classname="SmartBuyAutomation.TestCases" name="responsiveDesignOnMobileDevices" time="10.307"/>
</testsuite> <!-- Default test -->
