<?xml version="1.0" encoding="UTF-8"?>
<!-- Generated by org.testng.reporters.JUnitXMLReporter -->
<testsuite ignored="0" hostname="lenovoideapadgaming" failures="0" tests="3" name="Default test" time="48.416" errors="0" timestamp="2025-08-07T00:48:01 EET">
  <testcase classname="SmartBuyAutomation.TestCases" name="homePageAccessability" time="16.566"/>
  <testcase classname="SmartBuyAutomation.TestCases" name="ProductCategoryNavigation" time="21.724"/>
  <testcase classname="SmartBuyAutomation.TestCases" name="ProductSearchFunctionality" time="3.226"/>
</testsuite> <!-- Default test -->
