<?xml version="1.0" encoding="UTF-8"?>
<!-- Generated by org.testng.reporters.JUnitXMLReporter -->
<testsuite ignored="5" hostname="lenovoideapadgaming" failures="0" tests="1" name="Default test" time="10.328" errors="0" timestamp="2025-08-09T01:50:28 EET">
  <testcase classname="SmartBuyAutomation.TestCases" name="productDetailAccuracy" time="7.016"/>
  <testcase classname="SmartBuyAutomation.TestCases" name="languageSelection" time="0.0">
    <ignored/>
  </testcase> <!-- languageSelection -->
  <testcase classname="SmartBuyAutomation.TestCases" name="ProductSearchFunctionality" time="0.0">
    <ignored/>
  </testcase> <!-- ProductSearchFunctionality -->
  <testcase classname="SmartBuyAutomation.TestCases" name="removeFromCart" time="0.0">
    <ignored/>
  </testcase> <!-- removeFromCart -->
  <testcase classname="SmartBuyAutomation.TestCases" name="homePageAccessability" time="0.0">
    <ignored/>
  </testcase> <!-- homePageAccessability -->
  <testcase classname="SmartBuyAutomation.TestCases" name="ProductCategoryNavigation" time="0.0">
    <ignored/>
  </testcase> <!-- ProductCategoryNavigation -->
</testsuite> <!-- Default test -->
