<?xml version="1.0" encoding="UTF-8"?>
<testng-results ignored="5" total="6" passed="1" failed="0" skipped="0">
  <reporter-output>
  </reporter-output>
  <suite started-at="2025-08-09T01:50:18 EET" name="Default suite" finished-at="2025-08-09T01:50:28 EET" duration-ms="10328">
    <groups>
    </groups>
    <test started-at="2025-08-09T01:50:18 EET" name="Default test" finished-at="2025-08-09T01:50:28 EET" duration-ms="10328">
      <class name="SmartBuyAutomation.TestCases">
        <test-method is-config="true" signature="mySetup()[pri:0, instance:SmartBuyAutomation.TestCases@65fe9e33]" started-at="2025-08-09T01:50:18 EET" name="mySetup" finished-at="2025-08-09T01:50:21 EET" duration-ms="3266" status="PASS">
          <reporter-output>
          </reporter-output>
        </test-method> <!-- mySetup -->
        <test-method signature="productDetailAccuracy()[pri:6, instance:SmartBuyAutomation.TestCases@65fe9e33]" started-at="2025-08-09T01:50:21 EET" name="productDetailAccuracy" finished-at="2025-08-09T01:50:28 EET" duration-ms="7016" status="PASS">
          <reporter-output>
          </reporter-output>
        </test-method> <!-- productDetailAccuracy -->
        <test-method is-config="true" signature="tearDown()[pri:0, instance:SmartBuyAutomation.TestCases@65fe9e33]" started-at="2025-08-09T01:50:28 EET" name="tearDown" finished-at="2025-08-09T01:50:28 EET" duration-ms="1" status="PASS">
          <reporter-output>
          </reporter-output>
        </test-method> <!-- tearDown -->
      </class> <!-- SmartBuyAutomation.TestCases -->
    </test> <!-- Default test -->
  </suite> <!-- Default suite -->
</testng-results>
