<?xml version="1.0" encoding="UTF-8"?>
<testng-results ignored="0" total="2" passed="2" failed="0" skipped="0">
  <reporter-output>
  </reporter-output>
  <suite started-at="2025-08-03T17:58:34 EET" name="Default suite" finished-at="2025-08-03T17:58:56 EET" duration-ms="22505">
    <groups>
    </groups>
    <test started-at="2025-08-03T17:58:34 EET" name="Default test" finished-at="2025-08-03T17:58:56 EET" duration-ms="22505">
      <class name="SmartBuyAutomation.TestCases">
        <test-method is-config="true" signature="mySetup()[pri:0, instance:SmartBuyAutomation.TestCases@101639ae]" started-at="2025-08-03T17:58:34 EET" name="mySetup" finished-at="2025-08-03T17:58:38 EET" duration-ms="4022" status="PASS">
          <reporter-output>
          </reporter-output>
        </test-method> <!-- mySetup -->
        <test-method signature="homePageAccessability()[pri:1, instance:SmartBuyAutomation.TestCases@101639ae]" started-at="2025-08-03T17:58:38 EET" name="homePageAccessability" finished-at="2025-08-03T17:58:56 EET" duration-ms="18409" status="PASS">
          <reporter-output>
          </reporter-output>
        </test-method> <!-- homePageAccessability -->
        <test-method signature="ProductCategoryNavigation()[pri:2, instance:SmartBuyAutomation.TestCases@101639ae]" started-at="2025-08-03T17:58:56 EET" name="ProductCategoryNavigation" finished-at="2025-08-03T17:58:56 EET" duration-ms="3" status="PASS">
          <reporter-output>
          </reporter-output>
        </test-method> <!-- ProductCategoryNavigation -->
        <test-method is-config="true" signature="tearDown()[pri:0, instance:SmartBuyAutomation.TestCases@101639ae]" started-at="2025-08-03T17:58:56 EET" name="tearDown" finished-at="2025-08-03T17:58:56 EET" duration-ms="2" status="PASS">
          <reporter-output>
          </reporter-output>
        </test-method> <!-- tearDown -->
      </class> <!-- SmartBuyAutomation.TestCases -->
    </test> <!-- Default test -->
  </suite> <!-- Default suite -->
</testng-results>
